Opened convpng.ini

--- Group sprites_gfx (C) ---
Using defined palette main_palette.png...
TranspColorIndex : 0
TranspColor : 0x016F
112:
 jumpman_walk_right0 : converted! (jumpman_walk_right0.c)
 jumpman_walk_right1 : converted! (jumpman_walk_right1.c)
 jumpman_walk_right2 : converted! (jumpman_walk_right2.c)
 jumpman_walk_left0 : converted! (jumpman_walk_left0.c)
 jumpman_walk_left1 : converted! (jumpman_walk_left1.c)
 jumpman_walk_left2 : converted! (jumpman_walk_left2.c)
 jumpman_jump_right : converted! (jumpman_jump_right.c)
 jumpman_jump_left : converted! (jumpman_jump_left.c)
 jumpman_slide_right : converted! (jumpman_slide_right.c)
 jumpman_slide_left : converted! (jumpman_slide_left.c)
 jumpman_hammer_right0 : converted! (jumpman_hammer_right0.c)
 jumpman_hammer_right1 : converted! (jumpman_hammer_right1.c)
 jumpman_hammer_right2 : converted! (jumpman_hammer_right2.c)
 jumpman_hammer_right3 : converted! (jumpman_hammer_right3.c)
 jumpman_hammer_right4 : converted! (jumpman_hammer_right4.c)
 jumpman_hammer_right5 : converted! (jumpman_hammer_right5.c)
 jumpman_hammer_left0 : converted! (jumpman_hammer_left0.c)
 jumpman_hammer_left1 : converted! (jumpman_hammer_left1.c)
 jumpman_hammer_left2 : converted! (jumpman_hammer_left2.c)
 jumpman_hammer_left3 : converted! (jumpman_hammer_left3.c)
 jumpman_hammer_left4 : converted! (jumpman_hammer_left4.c)
 jumpman_hammer_left5 : converted! (jumpman_hammer_left5.c)
 jumpman_climb_right0 : converted! (jumpman_climb_right0.c)
 jumpman_climb_right1 : converted! (jumpman_climb_right1.c)
 jumpman_climb_right2 : converted! (jumpman_climb_right2.c)
 jumpman_climb_left0 : converted! (jumpman_climb_left0.c)
 jumpman_climb_left1 : converted! (jumpman_climb_left1.c)
 jumpman_climb_left2 : converted! (jumpman_climb_left2.c)
 jumpman_standing : converted! (jumpman_standing.c)
 jumpman_dead0 : converted! (jumpman_dead0.c)
 jumpman_dead1 : converted! (jumpman_dead1.c)
 jumpman_dead2 : converted! (jumpman_dead2.c)
 jumpman_dead3 : converted! (jumpman_dead3.c)
 jumpman_dead4 : converted! (jumpman_dead4.c)
 jumpman_dead5 : converted! (jumpman_dead5.c)
 life : converted! (life.c)
 barrel_rolling_N0 : converted! (barrel_rolling_N0.c)
 barrel_rolling_N1 : converted! (barrel_rolling_N1.c)
 barrel_rolling_N2 : converted! (barrel_rolling_N2.c)
 barrel_rolling_N3 : converted! (barrel_rolling_N3.c)
 barrel_rolling_B0 : converted! (barrel_rolling_B0.c)
 barrel_rolling_B1 : converted! (barrel_rolling_B1.c)
 barrel_rolling_B2 : converted! (barrel_rolling_B2.c)
 barrel_rolling_B3 : converted! (barrel_rolling_B3.c)
 barrel_ladder_N0 : converted! (barrel_ladder_N0.c)
 barrel_ladder_N1 : converted! (barrel_ladder_N1.c)
 barrel_ladder_B0 : converted! (barrel_ladder_B0.c)
 barrel_ladder_B1 : converted! (barrel_ladder_B1.c)
 barrel_standing : converted! (barrel_standing.c)
 fireball_right0 : converted! (fireball_right0.c)
 fireball_right1 : converted! (fireball_right1.c)
 firefox_right0 : converted! (firefox_right0.c)
 firefox_right1 : converted! (firefox_right1.c)
 fireball_left0 : converted! (fireball_left0.c)
 fireball_left1 : converted! (fireball_left1.c)
 firefox_left0 : converted! (firefox_left0.c)
 firefox_left1 : converted! (firefox_left1.c)
 kong_eye1 : converted! (kong_eye1.c)
 kong_eye2 : converted! (kong_eye2.c)
 knockedout_sprite0 : converted! (knockedout_sprite0.c)
 knockedout_sprite1 : converted! (knockedout_sprite1.c)
 pauline_right0 : converted! (pauline_right0.c)
 pauline_right1 : converted! (pauline_right1.c)
 pauline_right2 : converted! (pauline_right2.c)
 pauline_left0 : converted! (pauline_left0.c)
 pauline_left1 : converted! (pauline_left1.c)
 pauline_left2 : converted! (pauline_left2.c)
 help_right : converted! (help_right.c)
 help_left : converted! (help_left.c)
 heart_broken : converted! (heart_broken.c)
 heart : converted! (heart.c)
 parasol : converted! (parasol.c)
 purse : converted! (purse.c)
 hat : converted! (hat.c)
 retracting_ladder_sprite : converted! (retracting_ladder_sprite.c)
 elevator_platform : converted! (elevator_platform.c)
 receptable_bottom : converted! (receptable_bottom.c)
 receptable_top : converted! (receptable_top.c)
 oilcan_sprite : converted! (oilcan_sprite.c)
 girder_circle : converted! (girder_circle.c)
 conveyor_tile : converted! (conveyor_tile.c)
 girder : converted! (girder.c)
 x_tile : converted! (x_tile.c)
 ladder : converted! (ladder.c)
 rivet : converted! (rivet.c)
 pulley_left0 : converted! (pulley_left0.c)
 pulley_left1 : converted! (pulley_left1.c)
 pulley_left2 : converted! (pulley_left2.c)
 pulley_right0 : converted! (pulley_right0.c)
 pulley_right1 : converted! (pulley_right1.c)
 pulley_right2 : converted! (pulley_right2.c)
 pie_sprite : converted! (pie_sprite.c)
 bouncer0 : converted! (bouncer0.c)
 bouncer1 : converted! (bouncer1.c)
 hammer_left0 : converted! (hammer_left0.c)
 hammer_left1 : converted! (hammer_left1.c)
 hammer_right0 : converted! (hammer_right0.c)
 hammer_right1 : converted! (hammer_right1.c)
 circle0 : converted! (circle0.c)
 circle1 : converted! (circle1.c)
 circle2 : converted! (circle2.c)
 burst : converted! (burst.c)
 fire0 : converted! (fire0.c)
 fire1 : converted! (fire1.c)
 fire2 : converted! (fire2.c)
 fire3 : converted! (fire3.c)
 text_bonus : converted! (text_bonus.c)
 num100 : converted! (num100.c)
 num200 : converted! (num200.c)
 num300 : converted! (num300.c)
 num500 : converted! (num500.c)
 num800 : converted! (num800.c)

--- Group kong_gfx (C) ---
Using defined palette main_palette.png...
TranspColorIndex : 0
TranspColor : 0x016F
13:
 kong_climbing_right0 : converted! (compress: 1190 -> 206 bytes)
 kong_climbing_right1 : converted! (compress: 1378 -> 256 bytes)
 kong_climbing_left0 : converted! (compress: 1190 -> 211 bytes)
 kong_climbing_left1 : converted! (compress: 1370 -> 250 bytes)
 kong_knockedout : converted! (compress: 1282 -> 287 bytes)
 kong_arm_right : converted! (compress: 1474 -> 301 bytes)
 kong_arm_left : converted! (compress: 1474 -> 307 bytes)
 kong_standing : converted! (compress: 1282 -> 253 bytes)
 kong_holding : converted! (compress: 1282 -> 301 bytes)
 kong_onhead : converted! (compress: 1282 -> 275 bytes)
 kong_goofy : converted! (compress: 1474 -> 306 bytes)
 kong_right : converted! (compress: 1378 -> 232 bytes)
 kong_left : converted! (compress: 1378 -> 236 bytes)

Converted in 1 s

[warning] image quality might be too low.
please try grouping similar images, reducing image colors, 
or selecting a better palette if conversion is not ideal.

Finished!
