Opened convpng.ini

--- Group sprites_gfx (C) ---
Using defined palette main_palette.png ...
23:
 life : converted!
 text_bonus : converted!
 text_rub_end : converted!
 heart : converted!
 heart_broken : converted!
 help_left : converted!
 help_right : converted!
 pauline_left0 : converted!
 pauline_left1 : converted!
 pauline_left2 : converted!
 pauline_right0 : converted!
 pauline_right1 : converted!
 pauline_right2 : converted!
 conveyor_tile : converted!
 girder : converted!
 girder_circle : converted!
 ladder : converted!
 rivet : converted!
 x_tile : converted!
 knockedout_sprite0 : converted!
 knockedout_sprite1 : converted!
 kong_eye0 : converted!
 kong_eye1 : converted!

--- Group rletsprites_gfx (C) ---
Using defined palette main_palette.png ...
94:
 barrel_falling_B0 : converted!
 barrel_falling_B1 : converted!
 barrel_falling_N0 : converted!
 barrel_falling_N1 : converted!
 barrel_rolling_B0 : converted!
 barrel_rolling_B1 : converted!
 barrel_rolling_B2 : converted!
 barrel_rolling_B3 : converted!
 barrel_rolling_N0 : converted!
 barrel_rolling_N1 : converted!
 barrel_rolling_N2 : converted!
 barrel_rolling_N3 : converted!
 barrel_standing : converted!
 hat : converted!
 num100 : converted!
 num200 : converted!
 num300 : converted!
 num500 : converted!
 num800 : converted!
 parasol : converted!
 purse : converted!
 pie_sprite : converted!
 pulley_left0 : converted!
 pulley_left1 : converted!
 pulley_left2 : converted!
 pulley_right0 : converted!
 pulley_right1 : converted!
 pulley_right2 : converted!
 retracting_ladder_sprite : converted!
 bouncer0 : converted!
 bouncer1 : converted!
 elevator_platform : converted!
 receptable_bottom : converted!
 receptable_top : converted!
 fireball_left0 : converted!
 fireball_left1 : converted!
 fireball_right0 : converted!
 fireball_right1 : converted!
 firefox_left0 : converted!
 firefox_left1 : converted!
 firefox_right0 : converted!
 firefox_right1 : converted!
 burst : converted!
 circle0 : converted!
 circle1 : converted!
 circle2 : converted!
 hammer_left_N0 : converted!
 hammer_left_N1 : converted!
 hammer_left_Y0 : converted!
 hammer_left_Y1 : converted!
 hammer_right_N0 : converted!
 hammer_right_N1 : converted!
 hammer_right_Y0 : converted!
 hammer_right_Y1 : converted!
 jumpman_left_climbing0 : converted!
 jumpman_left_climbing1 : converted!
 jumpman_left_climbing2 : converted!
 jumpman_left_dying0 : converted!
 jumpman_left_dying1 : converted!
 jumpman_left_dying2 : converted!
 jumpman_left_hammer00 : converted!
 jumpman_left_hammer01 : converted!
 jumpman_left_hammer10 : converted!
 jumpman_left_hammer11 : converted!
 jumpman_left_hammer20 : converted!
 jumpman_left_hammer21 : converted!
 jumpman_left_jumping : converted!
 jumpman_left_landing : converted!
 jumpman_left_walking0 : converted!
 jumpman_left_walking1 : converted!
 jumpman_left_walking2 : converted!
 jumpman_right_climbing0 : converted!
 jumpman_right_climbing1 : converted!
 jumpman_right_climbing2 : converted!
 jumpman_right_dying0 : converted!
 jumpman_right_dying1 : converted!
 jumpman_right_dying2 : converted!
 jumpman_right_hammer00 : converted!
 jumpman_right_hammer01 : converted!
 jumpman_right_hammer10 : converted!
 jumpman_right_hammer11 : converted!
 jumpman_right_hammer20 : converted!
 jumpman_right_hammer21 : converted!
 jumpman_right_jumping : converted!
 jumpman_right_landing : converted!
 jumpman_right_walking0 : converted!
 jumpman_right_walking1 : converted!
 jumpman_right_walking2 : converted!
 jumpman_standing : converted!
 fire0 : converted!
 fire1 : converted!
 fire2 : converted!
 fire3 : converted!
 oilcan_sprite : converted!

--- Group kong_gfx (C) ---
Using defined palette main_palette.png ...
13:
 kong_climbing_right0 : converted! (1190 > 206 bytes)
 kong_climbing_right1 : converted! (1378 > 256 bytes)
 kong_climbing_left0 : converted! (1190 > 211 bytes)
 kong_climbing_left1 : converted! (1370 > 250 bytes)
 kong_knockedout : converted! (1282 > 287 bytes)
 kong_arm_right : converted! (1474 > 301 bytes)
 kong_arm_left : converted! (1474 > 307 bytes)
 kong_standing : converted! (1282 > 253 bytes)
 kong_holding : converted! (1282 > 301 bytes)
 kong_onhead : converted! (1282 > 275 bytes)
 kong_goofy : converted! (1474 > 306 bytes)
 kong_right : converted! (1378 > 232 bytes)
 kong_left : converted! (1378 > 236 bytes)

Converted in 0 s

[warning] image quality might be too low.
please try grouping similar images, reducing image colors, 
or selecting a better palette if conversion is not ideal.

Finished!
